(1)14 25
(2)13 19
(3)11 13
(4)9 20
(5)5 6
(6)5 7
25*-3=-75
(  2)x = 89 (mod 475)
475*156=0
(  3)x = 89 (mod 6175)
6175*-16=0
(  4)x = 89 (mod 24700)
24700*-42=0
(  5)x = 89 (mod 74100)
74100*252=0
(  6)x = 89 (mod 518700)
89
(1)4 24
(2)0 4
24*0=0
(  2)x = 4 (mod 24)
4
(1)9 10
(2)1 17
10*-40=-60
(  2)x = 69 (mod 170)
69
(1)11 13
(2)7 17
(3)5 8
(4)5 15
(5)3 11
(6)2 3
(7)2 27
(8)1 4
(9)0 5
13*16=208
(  2)x = 24 (mod 221)
221*-57=-221
(  3)x = 245 (mod 1768)
1768*1680=0
(  4)x = 245 (mod 26520)
26520*-242=0
(  5)x = 245 (mod 291720)
291720*0=0
(  6)x = 245 (mod 291720)
291720*-162=0
(  7)x = 245 (mod 2625480)
2625480*0=0
(  8)x = 245 (mod 2625480)
2625480*0=0
(  9)x = 245 (mod 2625480)
245
(1)12 16
(2)6 13
(3)6 26
(4)4 5
(5)4 6
(6)4 8
(7)4 15
(8)1 3
(9)0 4
16*-24=-176
(  2)x = 188 (mod 208)
208*0=0
(  3)x = 188 (mod 208)
208*368=624
(  4)x = 604 (mod 1040)
1040*300=0
(  5)x = 604 (mod 3120)
3120*0=0
(  6)x = 604 (mod 3120)
3120*0=0
(  7)x = 604 (mod 3120)
3120*0=0
(  8)x = 604 (mod 3120)
3120*0=0
(  9)x = 604 (mod 3120)
604
(1)28 32
(2)26 27
(3)25 29
(4)25 31
(5)23 33
(6)20 24
(7)20 30
(8)14 17
(9)13 19
(10)12 16
(11)12 22
(12)11 21
(13)8 9
(14)8 12
(15)8 18
(16)7 23
(17)5 15
(18)4 7
(19)4 8
(20)4 13
(21)4 14
(22)4 26
(23)4 28
(24)2 3
(25)2 6
(26)1 11
(27)0 2
(28)0 4
(29)0 5
(30)0 10
(31)0 20
(32)0 25
32*22=704
(  2)x = 188 (mod 864)
864*-815=-2592
(  3)x = 2780 (mod 25056)
25056*11020=375840
(  4)x = 403676 (mod 776736)
776736*-269102=-6990624
(  5)x = 7394300 (mod 8544096)
8544096*0=0
(  6)x = 7394300 (mod 8544096)
8544096*1232380=0
(  7)x = 7394300 (mod 42720480)
42720480*36971430=0
(  8)x = 7394300 (mod 726248160)
726248160*-59154296=0
(  9)x = 7394300 (mod 13798715040)
13798715040*0=0
( 10)x = 7394300 (mod 13798715040)
13798715040*0=0
( 11)x = 7394300 (mod 13798715040)
13798715040*4929526=0
( 12)x = 7394300 (mod 96591005280)
96591005280*0=0
( 13)x = 7394300 (mod 96591005280)
96591005280*0=0
( 14)x = 7394300 (mod 96591005280)
96591005280*0=0
( 15)x = 7394300 (mod 96591005280)
96591005280*-66548637=0
( 16)x = 7394300 (mod 2221593121440)
2221593121440*0=0
( 17)x = 7394300 (mod 2221593121440)
2221593121440*0=0
( 18)x = 7394300 (mod 2221593121440)
2221593121440*0=0
( 19)x = 7394300 (mod 2221593121440)
2221593121440*-22182888=0
( 20)x = 7394300 (mod 28880710578720)
28880710578720*0=0
( 21)x = 7394300 (mod 28880710578720)
28880710578720*0=0
( 22)x = 7394300 (mod 28880710578720)
28880710578720*0=0
( 23)x = 7394300 (mod 28880710578720)
28880710578720*0=0
( 24)x = 7394300 (mod 28880710578720)
28880710578720*0=0
( 25)x = 7394300 (mod 28880710578720)
28880710578720*0=0
( 26)x = 7394300 (mod 28880710578720)
28880710578720*0=0
( 27)x = 7394300 (mod 28880710578720)
28880710578720*0=0
( 28)x = 7394300 (mod 28880710578720)
28880710578720*0=0
( 29)x = 7394300 (mod 28880710578720)
28880710578720*0=0
( 30)x = 7394300 (mod 28880710578720)
28880710578720*0=0
( 31)x = 7394300 (mod 28880710578720)
28880710578720*-1478860=0
( 32)x = 7394300 (mod 144403552893600)
7394300
(1)29 30
(2)23 24
(3)23 32
(4)19 20
(5)19 23
(6)19 26
(7)19 28
(8)17 18
(9)17 22
(10)17 33
(11)14 15
(12)13 17
(13)13 19
(14)12 29
(15)11 12
(16)9 10
(17)9 25
(18)8 9
(19)8 27
(20)7 8
(21)7 16
(22)6 11
(23)6 13
(24)5 6
(25)5 7
(26)5 14
(27)5 21
(28)4 5
(29)4 31
(30)3 4
(31)3 5
(32)2 3
(33)1 2
30*1=30
(  2)x = 119 (mod 120)
120*-12=0
(  3)x = 119 (mod 480)
480*0=0
(  4)x = 119 (mod 480)
480*-800=-8640
(  5)x = 8759 (mod 11040)
11040*21850=110400
(  6)x = 41879 (mod 143520)
143520*31395=0
(  7)x = 41879 (mod 1004640)
1004640*6977=2009280
(  8)x = 1046519 (mod 3013920)
3013920*1569753=27125280
(  9)x = 7074359 (mod 33153120)
33153120*0=0
( 10)x = 7074359 (mod 33153120)
33153120*0=0
( 11)x = 7074359 (mod 33153120)
33153120*14148692=0
( 12)x = 7074359 (mod 563603040)
563603040*63669114=0
( 13)x = 7074359 (mod 10708457760)
10708457760*-49520429=0
( 14)x = 7074359 (mod 310545275040)
310545275040*0=0
( 15)x = 7074359 (mod 310545275040)
310545275040*0=0
( 16)x = 7074359 (mod 310545275040)
310545275040*2829740=0
( 17)x = 7074359 (mod 1552726375200)
1552726375200*0=0
( 18)x = 7074359 (mod 1552726375200)
1552726375200*-786039=0
( 19)x = 7074359 (mod 4658179125600)
4658179125600*0=0
( 20)x = 7074359 (mod 4658179125600)
4658179125600*0=0
( 21)x = 7074359 (mod 4658179125600)
4658179125600*0=0
( 22)x = 7074359 (mod 4658179125600)
4658179125600*0=0
( 23)x = 7074359 (mod 4658179125600)
4658179125600*0=0
( 24)x = 7074359 (mod 4658179125600)
4658179125600*0=0
( 25)x = 7074359 (mod 4658179125600)
4658179125600*0=0
( 26)x = 7074359 (mod 4658179125600)
4658179125600*0=0
( 27)x = 7074359 (mod 4658179125600)
4658179125600*0=0
( 28)x = 7074359 (mod 4658179125600)
4658179125600*49520485=0
( 29)x = 7074359 (mod 144403552893600)
144403552893600*0=0
( 30)x = 7074359 (mod 144403552893600)
a=7074359, aa[31]=3, c=7074356, d=5
-1
(1)23 24
(2)23 30
(3)17 18
(4)17 21
(5)17 22
(6)17 33
(7)13 26
(8)11 12
(9)8 9
(10)8 15
(11)8 17
(12)8 25
(13)8 27
(14)7 8
(15)7 16
(16)7 32
(17)6 11
(18)5 6
(19)5 23
(20)4 29
(21)3 4
(22)3 5
(23)3 7
(24)3 10
(25)3 14
(26)3 20
(27)3 28
(28)2 3
(29)1 2
(30)1 19
(31)1 31
(32)0 13
24*0=0
(  2)x = 23 (mod 120)
120*-1=-120
(  3)x = 143 (mod 360)
360*42=0
(  4)x = 143 (mod 2520)
2520*126=12600
(  5)x = 15263 (mod 27720)
27720*0=0
(  6)x = 15263 (mod 27720)
27720*-45750=-83160
(  7)x = 98423 (mod 360360)
360360*0=0
(  8)x = 98423 (mod 360360)
360360*0=0
(  9)x = 98423 (mod 360360)
360360*0=0
( 10)x = 98423 (mod 360360)
360360*-295245=-2162160
( 11)x = 2260583 (mod 6126120)
6126120*-452115=0
( 12)x = 2260583 (mod 30630600)
30630600*-251175=0
( 13)x = 2260583 (mod 91891800)
91891800*0=0
( 14)x = 2260583 (mod 91891800)
91891800*282572=0
( 15)x = 2260583 (mod 183783600)
183783600*141286=0
( 16)x = 2260583 (mod 367567200)
367567200*0=0
( 17)x = 2260583 (mod 367567200)
367567200*0=0
( 18)x = 2260583 (mod 367567200)
367567200*11302890=0
( 19)x = 2260583 (mod 8454045600)
8454045600*-11302895=0
( 20)x = 2260583 (mod 245167322400)
245167322400*0=0
( 21)x = 2260583 (mod 245167322400)
245167322400*0=0
( 22)x = 2260583 (mod 245167322400)
245167322400*0=0
( 23)x = 2260583 (mod 245167322400)
245167322400*0=0
( 24)x = 2260583 (mod 245167322400)
245167322400*0=0
( 25)x = 2260583 (mod 245167322400)
245167322400*0=0
( 26)x = 2260583 (mod 245167322400)
245167322400*0=0
( 27)x = 2260583 (mod 245167322400)
245167322400*0=0
( 28)x = 2260583 (mod 245167322400)
245167322400*0=0
( 29)x = 2260583 (mod 245167322400)
245167322400*11302910=0
( 30)x = 2260583 (mod 4658179125600)
4658179125600*15824074=0
( 31)x = 2260583 (mod 144403552893600)
144403552893600*0=0
( 32)x = 2260583 (mod 144403552893600)
2260583
(1)22 26
(2)16 20
(3)16 25
(4)15 21
(5)14 17
(6)12 18
(7)10 19
(8)9 13
(9)8 14
(10)6 10
(11)6 11
(12)6 15
(13)6 22
(14)6 23
(15)3 9
(16)1 5
(17)1 7
(18)0 2
(19)0 3
(20)0 4
(21)0 6
(22)0 8
(23)0 12
(24)0 16
(25)0 24
26*-9=-234
(  2)x = 256 (mod 260)
260*-96=-260
(  3)x = 516 (mod 1300)
1300*5010=15600
(  4)x = 12216 (mod 27300)
27300*97616=54600
(  5)x = 421716 (mod 464100)
464100*70284=0
(  6)x = 421716 (mod 1392300)
1392300*-421706=-1392300
(  7)x = 1814016 (mod 26453700)
26453700*0=0
(  8)x = 1814016 (mod 26453700)
26453700*0=0
(  9)x = 1814016 (mod 26453700)
26453700*0=0
( 10)x = 1814016 (mod 26453700)
26453700*9070050=0
( 11)x = 1814016 (mod 290990700)
290990700*0=0
( 12)x = 1814016 (mod 290990700)
290990700*0=0
( 13)x = 1814016 (mod 290990700)
290990700*-12698070=0
( 14)x = 1814016 (mod 6692786100)
6692786100*0=0
( 15)x = 1814016 (mod 6692786100)
6692786100*0=0
( 16)x = 1814016 (mod 6692786100)
6692786100*0=0
( 17)x = 1814016 (mod 6692786100)
6692786100*0=0
( 18)x = 1814016 (mod 6692786100)
6692786100*0=0
( 19)x = 1814016 (mod 6692786100)
6692786100*0=0
( 20)x = 1814016 (mod 6692786100)
6692786100*0=0
( 21)x = 1814016 (mod 6692786100)
6692786100*453504=0
( 22)x = 1814016 (mod 13385572200)
13385572200*0=0
( 23)x = 1814016 (mod 13385572200)
13385572200*226752=0
( 24)x = 1814016 (mod 26771144400)
26771144400*0=0
( 25)x = 1814016 (mod 26771144400)
1814016
(1)28 31
(2)26 32
(3)22 30
(4)20 26
(5)19 23
(6)19 27
(7)14 17
(8)14 19
(9)14 28
(10)12 22
(11)12 25
(12)10 12
(13)10 16
(14)10 18
(15)10 24
(16)7 13
(17)7 15
(18)7 21
(19)4 6
(20)3 29
(21)2 4
(22)2 5
(23)2 8
(24)2 10
(25)2 20
(26)1 3
(27)1 9
(28)1 11
(29)0 2
(30)0 7
(31)0 14
31*-2=-62
(  2)x = 90 (mod 992)
992*34=3968
(  3)x = 11002 (mod 14880)
14880*-16473=-29760
(  4)x = 40762 (mod 193440)
193440*285201=193440
(  5)x = 4296442 (mod 4449120)
4449120*-5728564=-4449120
(  6)x = 8745562 (mod 40042080)
40042080*-17491096=0
(  7)x = 8745562 (mod 680715360)
680715360*43727740=0
(  8)x = 8745562 (mod 12933591840)
12933591840*-6559161=0
(  9)x = 8745562 (mod 90535142880)
90535142880*17491100=0
( 10)x = 8745562 (mod 995886571680)
995886571680*1749110=0
( 11)x = 8745562 (mod 4979432858400)
4979432858400*0=0
( 12)x = 8745562 (mod 4979432858400)
4979432858400*0=0
( 13)x = 8745562 (mod 4979432858400)
4979432858400*0=0
( 14)x = 8745562 (mod 4979432858400)
4979432858400*0=0
( 15)x = 8745562 (mod 4979432858400)
4979432858400*0=0
( 16)x = 8745562 (mod 4979432858400)
4979432858400*0=0
( 17)x = 8745562 (mod 4979432858400)
4979432858400*0=0
( 18)x = 8745562 (mod 4979432858400)
4979432858400*0=0
( 19)x = 8745562 (mod 4979432858400)
4979432858400*-61218913=0
( 20)x = 8745562 (mod 144403552893600)
144403552893600*0=0
( 21)x = 8745562 (mod 144403552893600)
144403552893600*0=0
( 22)x = 8745562 (mod 144403552893600)
144403552893600*0=0
( 23)x = 8745562 (mod 144403552893600)
144403552893600*0=0
( 24)x = 8745562 (mod 144403552893600)
144403552893600*0=0
( 25)x = 8745562 (mod 144403552893600)
144403552893600*0=0
( 26)x = 8745562 (mod 144403552893600)
144403552893600*0=0
( 27)x = 8745562 (mod 144403552893600)
144403552893600*0=0
( 28)x = 8745562 (mod 144403552893600)
144403552893600*0=0
( 29)x = 8745562 (mod 144403552893600)
144403552893600*0=0
( 30)x = 8745562 (mod 144403552893600)
144403552893600*0=0
( 31)x = 8745562 (mod 144403552893600)
8745562
(1)28 31
(2)24 28
(3)24 29
(4)22 27
(5)22 30
(6)20 32
(7)17 19
(8)15 17
(9)14 26
(10)12 20
(11)12 22
(12)12 25
(13)10 14
(14)10 21
(15)7 15
(16)4 6
(17)4 8
(18)4 9
(19)4 12
(20)4 16
(21)4 18
(22)4 24
(23)3 7
(24)3 23
(25)2 5
(26)2 10
(27)1 3
(28)1 11
(29)1 13
(30)1 33
(31)0 2
(32)0 4
31*-36=-248
(  2)x = 276 (mod 868)
868*3528=16492
(  3)x = 8956 (mod 25172)
25172*-89340=-604128
(  4)x = 613084 (mod 679644)
679644*-102177=-1359288
(  5)x = 1972372 (mod 3398220)
3398220*1479264=0
(  6)x = 1972372 (mod 27185760)
27185760*-3944710=-163114560
(  7)x = 165086932 (mod 516529440)
516529440*-1155608419=-7231412160
(  8)x = 7396499092 (mod 8781000480)
8781000480*11094748617=35124001920
(  9)x = 86425503412 (mod 114153006240)
114153006240*0=0
( 10)x = 86425503412 (mod 114153006240)
114153006240*-43212751700=-913224049920
( 11)x = 999649553332 (mod 1255683068640)
1255683068640*399859821328=3767049205920
( 12)x = 3511015690612 (mod 6278415343200)
6278415343200*0=0
( 13)x = 3511015690612 (mod 6278415343200)
6278415343200*0=0
( 14)x = 3511015690612 (mod 6278415343200)
6278415343200*0=0
( 15)x = 3511015690612 (mod 6278415343200)
6278415343200*0=0
( 16)x = 3511015690612 (mod 6278415343200)
6278415343200*0=0
( 17)x = 3511015690612 (mod 6278415343200)
6278415343200*0=0
( 18)x = 3511015690612 (mod 6278415343200)
6278415343200*0=0
( 19)x = 3511015690612 (mod 6278415343200)
6278415343200*0=0
( 20)x = 3511015690612 (mod 6278415343200)
6278415343200*0=0
( 21)x = 3511015690612 (mod 6278415343200)
6278415343200*0=0
( 22)x = 3511015690612 (mod 6278415343200)
6278415343200*0=0
( 23)x = 3511015690612 (mod 6278415343200)
6278415343200*28088125524872=69062568775200
( 24)x = 78851999809012 (mod 144403552893600)
144403552893600*0=0
( 25)x = 78851999809012 (mod 144403552893600)
144403552893600*0=0
( 26)x = 78851999809012 (mod 144403552893600)
144403552893600*0=0
( 27)x = 78851999809012 (mod 144403552893600)
144403552893600*0=0
( 28)x = 78851999809012 (mod 144403552893600)
144403552893600*0=0
( 29)x = 78851999809012 (mod 144403552893600)
144403552893600*0=0
( 30)x = 78851999809012 (mod 144403552893600)
144403552893600*0=0
( 31)x = 78851999809012 (mod 144403552893600)
144403552893600*0=0
( 32)x = 78851999809012 (mod 144403552893600)
78851999809012
(1)31 33
(2)29 31
(3)23 26
(4)19 24
(5)15 28
(6)13 15
(7)13 30
(8)11 16
(9)11 32
(10)10 13
(11)10 23
(12)9 11
(13)9 22
(14)7 12
(15)5 17
(16)3 4
(17)3 5
(18)3 8
(19)3 10
(20)3 20
(21)3 25
(22)3 29
(23)1 2
(24)1 3
(25)1 6
(26)1 7
(27)1 9
(28)1 14
(29)1 18
(30)1 19
(31)1 21
(32)1 27
33*-30=-990
(  2)x = 1021 (mod 1023)
1023*2994=4092
(  3)x = 23527 (mod 26598)
26598*3918=53196
(  4)x = 76723 (mod 106392)
106392*57531=531960
(  5)x = 289507 (mod 744744)
744744*192996=744744
(  6)x = 3268483 (mod 3723720)
3723720*0=0
(  7)x = 3268483 (mod 3723720)
3723720*408559=3723720
(  8)x = 6992203 (mod 7447440)
7447440*437012=0
(  9)x = 6992203 (mod 14894880)
14894880*0=0
( 10)x = 6992203 (mod 14894880)
14894880*-13984386=-268107840
( 11)x = 275100043 (mod 342582240)
342582240*0=0
( 12)x = 275100043 (mod 342582240)
342582240*0=0
( 13)x = 275100043 (mod 342582240)
342582240*0=0
( 14)x = 275100043 (mod 342582240)
342582240*-550200076=-2055493440
( 15)x = 2330593483 (mod 5823898080)
5823898080*0=0
( 16)x = 2330593483 (mod 5823898080)
5823898080*0=0
( 17)x = 2330593483 (mod 5823898080)
5823898080*0=0
( 18)x = 2330593483 (mod 5823898080)
5823898080*0=0
( 19)x = 2330593483 (mod 5823898080)
5823898080*0=0
( 20)x = 2330593483 (mod 5823898080)
5823898080*466118696=5823898080
( 21)x = 25626185803 (mod 29119490400)
29119490400*-205009486400=-407672865600
( 22)x = 433299051403 (mod 844465221600)
844465221600*0=0
( 23)x = 433299051403 (mod 844465221600)
844465221600*0=0
( 24)x = 433299051403 (mod 844465221600)
844465221600*0=0
( 25)x = 433299051403 (mod 844465221600)
844465221600*0=0
( 26)x = 433299051403 (mod 844465221600)
844465221600*-144433017134=-1688930443200
( 27)x = 2122229494603 (mod 2533395664800)
2533395664800*0=0
( 28)x = 2122229494603 (mod 2533395664800)
2533395664800*0=0
( 29)x = 2122229494603 (mod 2533395664800)
2533395664800*12733376967612=22800560983200
( 30)x = 27456186142603 (mod 48134517631200)
48134517631200*0=0
( 31)x = 27456186142603 (mod 48134517631200)
48134517631200*-3050687349178=-48134517631200
( 32)x = 75590703773803 (mod 144403552893600)
75590703773803
(1)27 29
(2)26 32
(3)18 21
(4)18 24
(5)18 27
(6)18 28
(7)16 23
(8)15 31
(9)15 33
(10)14 26
(11)12 15
(12)12 30
(13)11 17
(14)10 16
(15)9 19
(16)7 25
(17)6 12
(18)4 7
(19)4 11
(20)4 14
(21)4 22
(22)2 4
(23)2 5
(24)2 8
(25)2 10
(26)2 20
(27)1 13
(28)0 2
(29)0 3
(30)0 6
(31)0 9
(32)0 18
29*-11=-319
(  2)x = 346 (mod 928)
928*-1640=-1856
(  3)x = 2202 (mod 19488)
19488*0=0
(  4)x = 2202 (mod 19488)
19488*2912=97440
(  5)x = 80154 (mod 175392)
175392*0=0
(  6)x = 80154 (mod 175392)
175392*-320552=-175392
(  7)x = 255546 (mod 4034016)
4034016*2810841=36306144
(  8)x = 89003898 (mod 125054496)
125054496*-148339805=-1125490464
(  9)x = 1214494362 (mod 1375599456)
1375599456*-3036235870=-6877997280
( 10)x = 8092491642 (mod 17882792928)
17882792928*2697497210=0
( 11)x = 8092491642 (mod 89413964640)
89413964640*0=0
( 12)x = 8092491642 (mod 89413964640)
89413964640*-48554949786=-1251795504960
( 13)x = 1259887996602 (mod 1520037398880)
1520037398880*0=0
( 14)x = 1259887996602 (mod 1520037398880)
1520037398880*-11338991969337=-21280523584320
( 15)x = 22540411580922 (mod 28880710578720)
28880710578720*-4508082316183=-86642131736160
( 16)x = 109182543317082 (mod 144403552893600)
144403552893600*0=0
( 17)x = 109182543317082 (mod 144403552893600)
144403552893600*0=0
( 18)x = 109182543317082 (mod 144403552893600)
144403552893600*0=0
( 19)x = 109182543317082 (mod 144403552893600)
144403552893600*0=0
( 20)x = 109182543317082 (mod 144403552893600)
144403552893600*0=0
( 21)x = 109182543317082 (mod 144403552893600)
144403552893600*0=0
( 22)x = 109182543317082 (mod 144403552893600)
144403552893600*0=0
( 23)x = 109182543317082 (mod 144403552893600)
144403552893600*0=0
( 24)x = 109182543317082 (mod 144403552893600)
144403552893600*0=0
( 25)x = 109182543317082 (mod 144403552893600)
144403552893600*0=0
( 26)x = 109182543317082 (mod 144403552893600)
144403552893600*0=0
( 27)x = 109182543317082 (mod 144403552893600)
144403552893600*0=0
( 28)x = 109182543317082 (mod 144403552893600)
144403552893600*0=0
( 29)x = 109182543317082 (mod 144403552893600)
144403552893600*0=0
( 30)x = 109182543317082 (mod 144403552893600)
144403552893600*0=0
( 31)x = 109182543317082 (mod 144403552893600)
144403552893600*0=0
( 32)x = 109182543317082 (mod 144403552893600)
109182543317082
(1)25 26
(2)25 32
(3)22 25
(4)19 29
(5)17 20
(6)16 33
(7)13 14
(8)13 21
(9)13 28
(10)12 13
(11)11 31
(12)10 17
(13)9 16
(14)7 9
(15)7 10
(16)7 15
(17)7 18
(18)7 23
(19)7 27
(20)7 30
(21)6 7
(22)5 11
(23)5 19
(24)5 22
(25)2 5
(26)1 2
(27)1 3
(28)1 4
(29)1 6
(30)1 8
(31)1 12
(32)1 24
26*0=0
(  2)x = 25 (mod 416)
416*33=3328
(  3)x = 7097 (mod 10400)
10400*-56624=-166400
(  4)x = 173497 (mod 301600)
301600*0=0
(  5)x = 173497 (mod 301600)
301600*-867405=0
(  6)x = 173497 (mod 9952800)
9952800*-260226=-9952800
(  7)x = 10126297 (mod 69669600)
69669600*0=0
(  8)x = 10126297 (mod 69669600)
69669600*0=0
(  9)x = 10126297 (mod 69669600)
69669600*0=0
( 10)x = 10126297 (mod 69669600)
69669600*-111389146=-557356800
( 11)x = 567483097 (mod 2159757600)
2159757600*-3972381609=-15118303200
( 12)x = 15685786297 (mod 36715879200)
36715879200*0=0
( 13)x = 15685786297 (mod 36715879200)
36715879200*5228595430=36715879200
( 14)x = 89117544697 (mod 110147637600)
110147637600*0=0
( 15)x = 89117544697 (mod 110147637600)
110147637600*0=0
( 16)x = 89117544697 (mod 110147637600)
110147637600*0=0
( 17)x = 89117544697 (mod 110147637600)
110147637600*-356470178760=-881181100800
( 18)x = 970298645497 (mod 2533395664800)
2533395664800*-107810960610=0
( 19)x = 970298645497 (mod 7600186994400)
7600186994400*0=0
( 20)x = 970298645497 (mod 7600186994400)
7600186994400*0=0
( 21)x = 970298645497 (mod 7600186994400)
7600186994400*0=0
( 22)x = 970298645497 (mod 7600186994400)
7600186994400*1940597290984=68401682949600
( 23)x = 76972168589497 (mod 144403552893600)
144403552893600*0=0
( 24)x = 76972168589497 (mod 144403552893600)
144403552893600*0=0
( 25)x = 76972168589497 (mod 144403552893600)
144403552893600*0=0
( 26)x = 76972168589497 (mod 144403552893600)
144403552893600*0=0
( 27)x = 76972168589497 (mod 144403552893600)
144403552893600*0=0
( 28)x = 76972168589497 (mod 144403552893600)
144403552893600*0=0
( 29)x = 76972168589497 (mod 144403552893600)
144403552893600*0=0
( 30)x = 76972168589497 (mod 144403552893600)
144403552893600*0=0
( 31)x = 76972168589497 (mod 144403552893600)
144403552893600*0=0
( 32)x = 76972168589497 (mod 144403552893600)
76972168589497
(1)25 29
(2)24 27
(3)23 25
(4)22 23
(5)22 32
(6)18 20
(7)18 22
(8)18 30
(9)18 33
(10)10 13
(11)10 17
(12)10 26
(13)8 10
(14)7 11
(15)6 7
(16)6 8
(17)6 9
(18)6 12
(19)6 14
(20)6 16
(21)6 18
(22)6 21
(23)6 24
(24)6 28
(25)5 19
(26)3 5
(27)3 15
(28)2 4
(29)0 2
(30)0 3
(31)0 6
(32)0 31
29*-13=-377
(  2)x = 402 (mod 783)
783*-1137=-9396
(  3)x = 9798 (mod 19575)
19575*-107536=-215325
(  4)x = 225123 (mod 450225)
450225*-3376515=-1350675
(  5)x = 1575798 (mod 14407200)
14407200*0=0
(  6)x = 1575798 (mod 14407200)
14407200*-3151560=-72036000
(  7)x = 73611798 (mod 158479200)
158479200*0=0
(  8)x = 73611798 (mod 158479200)
158479200*0=0
(  9)x = 73611798 (mod 158479200)
158479200*220835364=1426312800
( 10)x = 707528598 (mod 2060229600)
2060229600*-1415057176=-14421607200
( 11)x = 15129135798 (mod 35023903200)
35023903200*0=0
( 12)x = 15129135798 (mod 35023903200)
35023903200*0=0
( 13)x = 15129135798 (mod 35023903200)
35023903200*0=0
( 14)x = 15129135798 (mod 35023903200)
35023903200*-15129135792=-35023903200
( 15)x = 50153038998 (mod 245167322400)
245167322400*0=0
( 16)x = 50153038998 (mod 245167322400)
245167322400*0=0
( 17)x = 50153038998 (mod 245167322400)
245167322400*0=0
( 18)x = 50153038998 (mod 245167322400)
245167322400*0=0
( 19)x = 50153038998 (mod 245167322400)
245167322400*0=0
( 20)x = 50153038998 (mod 245167322400)
245167322400*0=0
( 21)x = 50153038998 (mod 245167322400)
245167322400*0=0
( 22)x = 50153038998 (mod 245167322400)
245167322400*0=0
( 23)x = 50153038998 (mod 245167322400)
245167322400*0=0
( 24)x = 50153038998 (mod 245167322400)
245167322400*250765194965=245167322400
( 25)x = 4463164842198 (mod 4658179125600)
4658179125600*0=0
( 26)x = 4463164842198 (mod 4658179125600)
4658179125600*0=0
( 27)x = 4463164842198 (mod 4658179125600)
4658179125600*0=0
( 28)x = 4463164842198 (mod 4658179125600)
4658179125600*0=0
( 29)x = 4463164842198 (mod 4658179125600)
4658179125600*0=0
( 30)x = 4463164842198 (mod 4658179125600)
4658179125600*0=0
( 31)x = 4463164842198 (mod 4658179125600)
4658179125600*31242153895386=27949074753600
( 32)x = 120917642982198 (mod 144403552893600)
120917642982198
